<?xml version="1.0" encoding="UTF-8"?>
<!-- Generated by org.testng.reporters.JUnitReportReporter -->
<testsuite skipped="0" hostname="DESKTOP-QROJJ50" name="com.iNetBanking.testCases.TC_AddCustomerTest_003" tests="1" failures="0" timestamp="2020-06-15T15:14:44 EDT" time="17.844" errors="0">
  <testcase name="addNewCustomer" time="17.844" classname="com.iNetBanking.testCases.TC_AddCustomerTest_003"/>
  <system-out/>
</testsuite> <!-- com.iNetBanking.testCases.TC_AddCustomerTest_003 -->
