<?xml version="1.0" encoding="UTF-8"?>
<!-- Generated by org.testng.reporters.JUnitReportReporter -->
<testsuite skipped="0" hostname="DESKTOP-QROJJ50" name="com.iNetBanking.testCases.TC_LoginTest_001" tests="1" failures="0" timestamp="2020-06-19T09:44:58 EDT" time="3.895" errors="0">
  <testcase name="loginTest" time="3.895" classname="com.iNetBanking.testCases.TC_LoginTest_001"/>
  <system-out/>
</testsuite> <!-- com.iNetBanking.testCases.TC_LoginTest_001 -->
